13:19:05 [Skill] INFO  Skill:122 - Connecting to broker 10.3.2.205:1932...
13:19:21 [ErrorLoggingThread] ERROR IntentionaltalkSkill:409 - Exception in thread "IntentionaltalkSkill" java.lang.ClassCastException: furhatos.nlu.NoIntent cannot be cast to furhatos.nlu.SimpleIntent
	at furhatos.flow.kotlin.ExtensionsKt$onResponse$3.invoke(extensions.kt:54)
	at furhatos.flow.kotlin.ExtensionsKt$onResponse$3.invoke(extensions.kt)
	at furhatos.flow.kotlin.Runner$runTrigger$1$1$2.invoke(Runner.kt:139)
	at furhatos.flow.kotlin.Runner$runTrigger$1$1$2.invoke(Runner.kt:38)
	at kotlin.sequences.FilteringSequence$iterator$1.calcNext(Sequences.kt:110)
	at kotlin.sequences.FilteringSequence$iterator$1.hasNext(Sequences.kt:133)
	at kotlin.sequences.TransformingSequence$iterator$1.hasNext(Sequences.kt:153)
	at kotlin.sequences.FlatteningSequence$iterator$1.ensureItemIterator(Sequences.kt:254)
	at kotlin.sequences.FlatteningSequence$iterator$1.hasNext(Sequences.kt:241)
	at kotlin.sequences.FlatteningSequence$iterator$1.ensureItemIterator(Sequences.kt:254)
	at kotlin.sequences.FlatteningSequence$iterator$1.hasNext(Sequences.kt:241)
	at furhatos.flow.kotlin.Runner.runTrigger(Runner.kt:207)
	at furhatos.flow.kotlin.ImplementationsKt$Listen$1$2.invoke(implementations.kt:67)
	at furhatos.flow.kotlin.ImplementationsKt$Listen$1$2.invoke(implementations.kt)
	at furhatos.flow.kotlin.TriggerRunner.run$furhat_commons(TriggerRunner.kt:17)
	at furhatos.flow.kotlin.Runner.runTrigger(Runner.kt:152)
	at furhatos.flow.kotlin.StateRunner.reactToEvent(StateRunner.kt:215)
	at furhatos.flow.kotlin.StateRunner.run$furhat_commons(StateRunner.kt:60)
	at furhatos.flow.kotlin.FlowControlRunner.tailRecRunCall(FlowControlRunner.kt:58)
	at furhatos.flow.kotlin.FlowControlRunner.call(FlowControlRunner.kt:32)
	at furhatos.flow.kotlin.ImplementationsKt$Ask$1$1.invoke(implementations.kt:136)
	at furhatos.flow.kotlin.ImplementationsKt$Ask$1$1.invoke(implementations.kt)
	at furhatos.flow.kotlin.StateRunner.run$furhat_commons(StateRunner.kt:50)
	at furhatos.flow.kotlin.FlowControlRunner.tailRecRunCall(FlowControlRunner.kt:58)
	at furhatos.flow.kotlin.FlowControlRunner.call(FlowControlRunner.kt:32)
	at furhatos.flow.kotlin.Furhat.ask(Furhat.kt:246)
	at furhatos.flow.kotlin.Furhat.ask$default(Furhat.kt:235)
	at furhatos.app.intentionaltalk.flow.InteractionKt$Start$1$1.invoke(interaction.kt:18)
	at furhatos.app.intentionaltalk.flow.InteractionKt$Start$1$1.invoke(interaction.kt)
	at furhatos.flow.kotlin.StateRunner.run$furhat_commons(StateRunner.kt:50)
	at furhatos.flow.kotlin.Flow.tailRecRun(Flow.kt:88)
	at furhatos.flow.kotlin.Flow.run(Flow.kt:80)
	at furhatos.app.intentionaltalk.IntentionaltalkSkill.start(main.kt:9)
	at furhatos.skills.Skill.initializeSkill(Skill.java:156)
	at furhatos.skills.Skill.lambda$startSkill$2(Skill.java:201)
	at java.lang.Thread.run(Thread.java:745)

13:22:54 [Thread-1] INFO  IntentionaltalkSkill:161 - Terminating skill...
